*******************************************************************
* Genome-wide Complex Trait Analysis (GCTA)
* version v1.95.0 Linux
* Built at Jul 21 2025 17:30:18, by GCC 8.4
* (C) 2010-present, Yang Lab, Westlake University
* Please report bugs to Jian Yang <jian.yang@westlake.edu.cn>
*******************************************************************
Analysis started at 13:42:04 UTC on Mon Jan 12 2026.
Hostname: 12fe3e337310

Accepted options:
--grm /mount/src/genetic_correlation/GCTA/CAU_project1/20241127_twb1_2_impu_combine_sameA1A2_sameA1A2_all_20230503_CAU_grm_unrelated
--pheno /mount/src/genetic_correlation/GCTA/CAU_project1/sample_files/pheno_IMT.txt
--qcovar /mount/src/genetic_correlation/GCTA/CAU_project1/sample_files/qcov_IMT.txt
--covar /mount/src/genetic_correlation/GCTA/CAU_project1/sample_files/cov_IMT.txt
--reml
--thread-num 96
--out /mount/src/genetic_correlation/GCTA/CAU_project1/GCTA_results/h2_IMT

Note: the program will be running on 96 threads.

Reading IDs of the GRM from [/mount/src/genetic_correlation/GCTA/CAU_project1/20241127_twb1_2_impu_combine_sameA1A2_sameA1A2_all_20230503_CAU_grm_unrelated.grm.id].
19478 IDs are read from [/mount/src/genetic_correlation/GCTA/CAU_project1/20241127_twb1_2_impu_combine_sameA1A2_sameA1A2_all_20230503_CAU_grm_unrelated.grm.id].
Reading the GRM from [/mount/src/genetic_correlation/GCTA/CAU_project1/20241127_twb1_2_impu_combine_sameA1A2_sameA1A2_all_20230503_CAU_grm_unrelated.grm.bin].
GRM for 19478 individuals are included from [/mount/src/genetic_correlation/GCTA/CAU_project1/20241127_twb1_2_impu_combine_sameA1A2_sameA1A2_all_20230503_CAU_grm_unrelated.grm.bin].
Reading phenotypes from [/mount/src/genetic_correlation/GCTA/CAU_project1/sample_files/pheno_IMT.txt].
Non-missing phenotypes of 19881 individuals are included from [/mount/src/genetic_correlation/GCTA/CAU_project1/sample_files/pheno_IMT.txt].
Reading quantitative covariate(s) from [/mount/src/genetic_correlation/GCTA/CAU_project1/sample_files/qcov_IMT.txt].
11 quantitative covariate(s) of 19881 individuals are included from [/mount/src/genetic_correlation/GCTA/CAU_project1/sample_files/qcov_IMT.txt].
Reading discrete covariate(s) from [/mount/src/genetic_correlation/GCTA/CAU_project1/sample_files/cov_IMT.txt].
1 discrete covariate(s) of 19881 individuals are included from [/mount/src/genetic_correlation/GCTA/CAU_project1/sample_files/cov_IMT.txt].

11 quantitative variable(s) included as covariate(s).
1 discrete variable(s) included as covariate(s).
19476 individuals are in common in these files.

Performing  REML analysis ... (Note: may take hours depending on sample size).
19476 observations, 13 fixed effect(s), and 2 variance component(s)(including residual variance).
Calculating prior values of variance components by EM-REML ...
Updated prior values: 0.404293 0.407843
logL: -5927.36
Running AI-REML algorithm ...
Iter.	logL	V(G)	V(e)	
1	-5530.21	0.24565	0.47992	
2	-5302.59	0.17831	0.50853	
3	-5228.65	0.14295	0.52252	
4	-5199.90	0.12231	0.53026	
5	-5187.79	0.10950	0.53489	
6	-5182.45	0.10123	0.53783	
7	-5180.04	0.09577	0.53976	
8	-5178.93	0.09210	0.54108	
9	-5178.41	0.08960	0.54198	
10	-5178.17	0.08418	0.54398	
11	-5177.95	0.08404	0.54413	
12	-5177.95	0.08404	0.54414	
Log-likelihood ratio converged.

Calculating the logLikelihood for the reduced model ...
(variance component 1 is dropped from the model)
Calculating prior values of variance components by EM-REML ...
Updated prior values: 0.62807
logL: -5969.35559
Running AI-REML algorithm ...
Iter.	logL	V(e)	
1	-5208.23	0.62800	
2	-5208.23	0.62795	
3	-5208.23	0.62784	
4	-5208.23	0.62784	
5	-5208.23	0.62784	
Log-likelihood ratio converged.

Summary result of REML analysis:
Source	Variance	SE
V(G)	0.084038	0.011377
V(e)	0.544140	0.012099
Vp	0.628177	0.006394
V(G)/Vp	0.133780	0.017938

Sampling variance/covariance of the estimates of variance components:
1.294427e-04	-1.174724e-04	
-1.174724e-04	1.463843e-04	

Summary result of REML analysis has been saved in the file [/mount/src/genetic_correlation/GCTA/CAU_project1/GCTA_results/h2_IMT.hsq].

Analysis finished at 13:51:41 UTC on Mon Jan 12 2026
Overall computational time: 9 minutes 37 sec.
