*******************************************************************
* Genome-wide Complex Trait Analysis (GCTA)
* version v1.95.0 Linux
* Built at Jul 21 2025 17:30:18, by GCC 8.4
* (C) 2010-present, Yang Lab, Westlake University
* Please report bugs to Jian Yang <jian.yang@westlake.edu.cn>
*******************************************************************
Analysis started at 12:46:00 UTC on Mon Jan 12 2026.
Hostname: 12fe3e337310

Accepted options:
--grm /mount/src/genetic_correlation/GCTA/CAU_project1/20241127_twb1_2_impu_combine_sameA1A2_sameA1A2_all_20230503_CAU_grm_unrelated
--pheno /mount/src/genetic_correlation/GCTA/CAU_project1/sample_files/pheno_MD.txt
--qcovar /mount/src/genetic_correlation/GCTA/CAU_project1/sample_files/qcov_MD.txt
--covar /mount/src/genetic_correlation/GCTA/CAU_project1/sample_files/cov_MD.txt
--reml
--thread-num 96
--out /mount/src/genetic_correlation/GCTA/CAU_project1/GCTA_results/h2_MD

Note: the program will be running on 96 threads.

Reading IDs of the GRM from [/mount/src/genetic_correlation/GCTA/CAU_project1/20241127_twb1_2_impu_combine_sameA1A2_sameA1A2_all_20230503_CAU_grm_unrelated.grm.id].
19478 IDs are read from [/mount/src/genetic_correlation/GCTA/CAU_project1/20241127_twb1_2_impu_combine_sameA1A2_sameA1A2_all_20230503_CAU_grm_unrelated.grm.id].
Reading the GRM from [/mount/src/genetic_correlation/GCTA/CAU_project1/20241127_twb1_2_impu_combine_sameA1A2_sameA1A2_all_20230503_CAU_grm_unrelated.grm.bin].
GRM for 19478 individuals are included from [/mount/src/genetic_correlation/GCTA/CAU_project1/20241127_twb1_2_impu_combine_sameA1A2_sameA1A2_all_20230503_CAU_grm_unrelated.grm.bin].
Reading phenotypes from [/mount/src/genetic_correlation/GCTA/CAU_project1/sample_files/pheno_MD.txt].
Non-missing phenotypes of 19879 individuals are included from [/mount/src/genetic_correlation/GCTA/CAU_project1/sample_files/pheno_MD.txt].
Reading quantitative covariate(s) from [/mount/src/genetic_correlation/GCTA/CAU_project1/sample_files/qcov_MD.txt].
11 quantitative covariate(s) of 19879 individuals are included from [/mount/src/genetic_correlation/GCTA/CAU_project1/sample_files/qcov_MD.txt].
Reading discrete covariate(s) from [/mount/src/genetic_correlation/GCTA/CAU_project1/sample_files/cov_MD.txt].
1 discrete covariate(s) of 19879 individuals are included from [/mount/src/genetic_correlation/GCTA/CAU_project1/sample_files/cov_MD.txt].

11 quantitative variable(s) included as covariate(s).
1 discrete variable(s) included as covariate(s).
19474 individuals are in common in these files.

Performing  REML analysis ... (Note: may take hours depending on sample size).
19474 observations, 13 fixed effect(s), and 2 variance component(s)(including residual variance).
Calculating prior values of variance components by EM-REML ...
Updated prior values: 0.443601 0.455326
logL: -7390.9
Running AI-REML algorithm ...
Iter.	logL	V(G)	V(e)	
1	-7239.31	0.28886	0.54415	
2	-7090.17	0.21050	0.59140	
3	-7035.18	0.16574	0.61916	
4	-7012.68	0.13832	0.63650	
5	-7002.90	0.12075	0.64778	
6	-6998.48	0.10916	0.65532	
7	-6996.44	0.10136	0.66046	
8	-6995.47	0.09605	0.66401	
9	-6995.02	0.08446	0.67184	
10	-6994.59	0.08400	0.67235	
11	-6994.59	0.08397	0.67238	
12	-6994.59	0.08396	0.67238	
Log-likelihood ratio converged.

Calculating the logLikelihood for the reduced model ...
(variance component 1 is dropped from the model)
Calculating prior values of variance components by EM-REML ...
Updated prior values: 0.75613
logL: -7349.07827
Running AI-REML algorithm ...
Iter.	logL	V(e)	
1	-7014.75	0.75608	
2	-7014.75	0.75605	
3	-7014.75	0.75597	
Log-likelihood ratio converged.

Summary result of REML analysis:
Source	Variance	SE
V(G)	0.083965	0.013576
V(e)	0.672377	0.014646
Vp	0.756342	0.007690
V(G)/Vp	0.111014	0.017828

Sampling variance/covariance of the estimates of variance components:
1.842952e-04	-1.698327e-04	
-1.698327e-04	2.145030e-04	

Summary result of REML analysis has been saved in the file [/mount/src/genetic_correlation/GCTA/CAU_project1/GCTA_results/h2_MD.hsq].

Analysis finished at 12:55:23 UTC on Mon Jan 12 2026
Overall computational time: 9 minutes 23 sec.
