*******************************************************************
* Genome-wide Complex Trait Analysis (GCTA)
* version v1.95.0 Linux
* Built at Jul 21 2025 17:30:18, by GCC 8.4
* (C) 2010-present, Yang Lab, Westlake University
* Please report bugs to Jian Yang <jian.yang@westlake.edu.cn>
*******************************************************************
Analysis started at 13:22:44 UTC on Mon Jan 12 2026.
Hostname: 12fe3e337310

Accepted options:
--grm /mount/src/genetic_correlation/GCTA/CAU_project1/20241127_twb1_2_impu_combine_sameA1A2_sameA1A2_all_20230503_CAU_grm_unrelated
--pheno /mount/src/genetic_correlation/GCTA/CAU_project1/sample_files/pheno_RI.txt
--qcovar /mount/src/genetic_correlation/GCTA/CAU_project1/sample_files/qcov_RI.txt
--covar /mount/src/genetic_correlation/GCTA/CAU_project1/sample_files/cov_RI.txt
--reml
--thread-num 96
--out /mount/src/genetic_correlation/GCTA/CAU_project1/GCTA_results/h2_RI

Note: the program will be running on 96 threads.

Reading IDs of the GRM from [/mount/src/genetic_correlation/GCTA/CAU_project1/20241127_twb1_2_impu_combine_sameA1A2_sameA1A2_all_20230503_CAU_grm_unrelated.grm.id].
19478 IDs are read from [/mount/src/genetic_correlation/GCTA/CAU_project1/20241127_twb1_2_impu_combine_sameA1A2_sameA1A2_all_20230503_CAU_grm_unrelated.grm.id].
Reading the GRM from [/mount/src/genetic_correlation/GCTA/CAU_project1/20241127_twb1_2_impu_combine_sameA1A2_sameA1A2_all_20230503_CAU_grm_unrelated.grm.bin].
GRM for 19478 individuals are included from [/mount/src/genetic_correlation/GCTA/CAU_project1/20241127_twb1_2_impu_combine_sameA1A2_sameA1A2_all_20230503_CAU_grm_unrelated.grm.bin].
Reading phenotypes from [/mount/src/genetic_correlation/GCTA/CAU_project1/sample_files/pheno_RI.txt].
Non-missing phenotypes of 19883 individuals are included from [/mount/src/genetic_correlation/GCTA/CAU_project1/sample_files/pheno_RI.txt].
Reading quantitative covariate(s) from [/mount/src/genetic_correlation/GCTA/CAU_project1/sample_files/qcov_RI.txt].
11 quantitative covariate(s) of 19883 individuals are included from [/mount/src/genetic_correlation/GCTA/CAU_project1/sample_files/qcov_RI.txt].
Reading discrete covariate(s) from [/mount/src/genetic_correlation/GCTA/CAU_project1/sample_files/cov_RI.txt].
1 discrete covariate(s) of 19883 individuals are included from [/mount/src/genetic_correlation/GCTA/CAU_project1/sample_files/cov_RI.txt].

11 quantitative variable(s) included as covariate(s).
1 discrete variable(s) included as covariate(s).
19478 individuals are in common in these files.

Performing  REML analysis ... (Note: may take hours depending on sample size).
19478 observations, 13 fixed effect(s), and 2 variance component(s)(including residual variance).
Calculating prior values of variance components by EM-REML ...
Updated prior values: 0.479291 0.500913
logL: -8933.7
Running AI-REML algorithm ...
Iter.	logL	V(G)	V(e)	
1	-8918.38	0.34539	0.59804	
2	-8823.23	0.26659	0.65980	
3	-8782.72	0.21790	0.70000	
4	-8764.96	0.18680	0.72660	
5	-8757.01	0.16647	0.74442	
6	-8753.38	0.15296	0.75646	
7	-8751.70	0.14387	0.76465	
8	-8750.92	0.13772	0.77024	
9	-8750.56	0.12445	0.78235	
10	-8750.23	0.12436	0.78250	
11	-8750.23	0.12436	0.78250	
Log-likelihood ratio converged.

Calculating the logLikelihood for the reduced model ...
(variance component 1 is dropped from the model)
Calculating prior values of variance components by EM-REML ...
Updated prior values: 0.90658
logL: -8828.86461
Running AI-REML algorithm ...
Iter.	logL	V(e)	
1	-8783.72	0.90656	
2	-8783.72	0.90655	
Log-likelihood ratio converged.

Summary result of REML analysis:
Source	Variance	SE
V(G)	0.124359	0.016266
V(e)	0.782501	0.017300
Vp	0.906859	0.009231
V(G)/Vp	0.137131	0.017755

Sampling variance/covariance of the estimates of variance components:
2.645874e-04	-2.393375e-04	
-2.393375e-04	2.992970e-04	

Summary result of REML analysis has been saved in the file [/mount/src/genetic_correlation/GCTA/CAU_project1/GCTA_results/h2_RI.hsq].

Analysis finished at 13:31:27 UTC on Mon Jan 12 2026
Overall computational time: 8 minutes 42 sec.
