*******************************************************************
* Genome-wide Complex Trait Analysis (GCTA)
* version v1.95.0 Linux
* Built at Jul 21 2025 17:30:18, by GCC 8.4
* (C) 2010-present, Yang Lab, Westlake University
* Please report bugs to Jian Yang <jian.yang@westlake.edu.cn>
*******************************************************************
Analysis started at 13:04:56 UTC on Mon Jan 12 2026.
Hostname: 12fe3e337310

Accepted options:
--grm /mount/src/genetic_correlation/GCTA/CAU_project1/20241127_twb1_2_impu_combine_sameA1A2_sameA1A2_all_20230503_CAU_grm_unrelated
--pheno /mount/src/genetic_correlation/GCTA/CAU_project1/sample_files/pheno_TAMAX.txt
--qcovar /mount/src/genetic_correlation/GCTA/CAU_project1/sample_files/qcov_TAMAX.txt
--covar /mount/src/genetic_correlation/GCTA/CAU_project1/sample_files/cov_TAMAX.txt
--reml
--thread-num 96
--out /mount/src/genetic_correlation/GCTA/CAU_project1/GCTA_results/h2_TAMAX

Note: the program will be running on 96 threads.

Reading IDs of the GRM from [/mount/src/genetic_correlation/GCTA/CAU_project1/20241127_twb1_2_impu_combine_sameA1A2_sameA1A2_all_20230503_CAU_grm_unrelated.grm.id].
19478 IDs are read from [/mount/src/genetic_correlation/GCTA/CAU_project1/20241127_twb1_2_impu_combine_sameA1A2_sameA1A2_all_20230503_CAU_grm_unrelated.grm.id].
Reading the GRM from [/mount/src/genetic_correlation/GCTA/CAU_project1/20241127_twb1_2_impu_combine_sameA1A2_sameA1A2_all_20230503_CAU_grm_unrelated.grm.bin].
GRM for 19478 individuals are included from [/mount/src/genetic_correlation/GCTA/CAU_project1/20241127_twb1_2_impu_combine_sameA1A2_sameA1A2_all_20230503_CAU_grm_unrelated.grm.bin].
Reading phenotypes from [/mount/src/genetic_correlation/GCTA/CAU_project1/sample_files/pheno_TAMAX.txt].
Non-missing phenotypes of 19879 individuals are included from [/mount/src/genetic_correlation/GCTA/CAU_project1/sample_files/pheno_TAMAX.txt].
Reading quantitative covariate(s) from [/mount/src/genetic_correlation/GCTA/CAU_project1/sample_files/qcov_TAMAX.txt].
11 quantitative covariate(s) of 19879 individuals are included from [/mount/src/genetic_correlation/GCTA/CAU_project1/sample_files/qcov_TAMAX.txt].
Reading discrete covariate(s) from [/mount/src/genetic_correlation/GCTA/CAU_project1/sample_files/cov_TAMAX.txt].
1 discrete covariate(s) of 19879 individuals are included from [/mount/src/genetic_correlation/GCTA/CAU_project1/sample_files/cov_TAMAX.txt].

11 quantitative variable(s) included as covariate(s).
1 discrete variable(s) included as covariate(s).
19474 individuals are in common in these files.

Performing  REML analysis ... (Note: may take hours depending on sample size).
19474 observations, 13 fixed effect(s), and 2 variance component(s)(including residual variance).
Calculating prior values of variance components by EM-REML ...
Updated prior values: 0.450242 0.463231
logL: -7683.49
Running AI-REML algorithm ...
Iter.	logL	V(G)	V(e)	
1	-7576.64	0.30575	0.54989	
2	-7451.64	0.22906	0.59856	
3	-7403.62	0.18407	0.62813	
4	-7383.52	0.15605	0.64702	
5	-7374.65	0.13789	0.65949	
6	-7370.60	0.12582	0.66791	
7	-7368.71	0.11766	0.67368	
8	-7367.82	0.11207	0.67768	
9	-7367.39	0.09986	0.68651	
10	-7366.98	0.09932	0.68709	
11	-7366.98	0.09928	0.68712	
12	-7366.98	0.09928	0.68712	
Log-likelihood ratio converged.

Calculating the logLikelihood for the reduced model ...
(variance component 1 is dropped from the model)
Calculating prior values of variance components by EM-REML ...
Updated prior values: 0.78604
logL: -7640.02619
Running AI-REML algorithm ...
Iter.	logL	V(e)	
1	-7392.55	0.78600	
2	-7392.55	0.78597	
Log-likelihood ratio converged.

Summary result of REML analysis:
Source	Variance	SE
V(G)	0.099279	0.014301
V(e)	0.687121	0.015258
Vp	0.786400	0.008002
V(G)/Vp	0.126246	0.018029

Sampling variance/covariance of the estimates of variance components:
2.045144e-04	-1.866514e-04	
-1.866514e-04	2.328195e-04	

Summary result of REML analysis has been saved in the file [/mount/src/genetic_correlation/GCTA/CAU_project1/GCTA_results/h2_TAMAX.hsq].

Analysis finished at 13:14:11 UTC on Mon Jan 12 2026
Overall computational time: 9 minutes 15 sec.
